{"contracts/SimpleSwap.sol":{"l":{"81":0,"82":0,"84":0,"85":0,"88":0,"96":0,"97":0,"124":0,"125":0,"128":0,"129":0,"130":0,"132":0,"133":0,"134":0,"136":0,"137":0,"138":0,"139":0,"140":0,"142":0,"143":0,"144":0,"145":0,"151":0,"152":0,"155":0,"156":0,"157":0,"158":0,"160":0,"161":0,"162":0,"164":0,"165":0,"169":0,"170":0,"172":0,"196":0,"197":0,"198":0,"199":0,"202":0,"203":0,"204":0,"205":0,"207":0,"208":0,"210":0,"211":0,"214":0,"215":0,"219":0,"222":0,"223":0,"225":0,"243":0,"244":0,"245":0,"248":0,"249":0,"251":0,"252":0,"254":0,"255":0,"257":0,"258":0,"262":0,"263":0,"266":0,"267":0,"268":0,"270":0,"271":0,"274":0,"284":0,"286":0,"287":0,"288":0,"290":0,"291":0,"293":0,"306":0,"307":0,"310":0,"320":0,"329":0,"330":0,"331":0,"332":0,"333":0,"334":0,"337":0,"347":0,"348":0,"357":0,"358":0,"367":0,"375":0},"path":"/home/fullstack/etherkipu/frontsimple/frontendSimpleSwap/contracts/SimpleSwap.sol","s":{"1":0,"2":0,"3":0,"4":0,"5":0,"6":0,"7":0,"8":0,"9":0,"10":0,"11":0,"12":0,"13":0,"14":0,"15":0,"16":0,"17":0,"18":0,"19":0,"20":0,"21":0,"22":0,"23":0,"24":0,"25":0,"26":0,"27":0,"28":0,"29":0,"30":0,"31":0,"32":0,"33":0,"34":0,"35":0,"36":0,"37":0,"38":0,"39":0,"40":0,"41":0,"42":0,"43":0,"44":0,"45":0,"46":0,"47":0,"48":0,"49":0,"50":0,"51":0,"52":0,"53":0,"54":0,"55":0,"56":0,"57":0,"58":0,"59":0,"60":0,"61":0,"62":0,"63":0,"64":0},"b":{"1":[0,0],"2":[0,0],"3":[0,0],"4":[0,0],"5":[0,0],"6":[0,0],"7":[0,0],"8":[0,0],"9":[0,0],"10":[0,0],"11":[0,0],"12":[0,0],"13":[0,0],"14":[0,0],"15":[0,0],"16":[0,0],"17":[0,0],"18":[0,0],"19":[0,0],"20":[0,0],"21":[0,0],"22":[0,0],"23":[0,0],"24":[0,0],"25":[0,0],"26":[0,0],"27":[0,0],"28":[0,0],"29":[0,0],"30":[0,0],"31":[0,0],"32":[0,0],"33":[0,0],"34":[0,0],"35":[0,0],"36":[0,0],"37":[0,0],"38":[0,0],"39":[0,0],"40":[0,0],"41":[0,0],"42":[0,0]},"f":{"1":0,"2":0,"3":0,"4":0,"5":0,"6":0,"7":0,"8":0,"9":0,"10":0,"11":0,"12":0,"13":0},"fnMap":{"1":{"name":"constructor","line":79,"loc":{"start":{"line":78,"column":4},"end":{"line":89,"column":4}}},"2":{"name":"ensure","line":95,"loc":{"start":{"line":95,"column":4},"end":{"line":98,"column":4}}},"3":{"name":"addLiquidity","line":123,"loc":{"start":{"line":114,"column":4},"end":{"line":173,"column":4}}},"4":{"name":"removeLiquidity","line":195,"loc":{"start":{"line":187,"column":4},"end":{"line":226,"column":4}}},"5":{"name":"swapExactTokensForTokens","line":242,"loc":{"start":{"line":236,"column":4},"end":{"line":275,"column":4}}},"6":{"name":"getPrice","line":283,"loc":{"start":{"line":283,"column":4},"end":{"line":295,"column":4}}},"7":{"name":"getAmountOut","line":304,"loc":{"start":{"line":304,"column":4},"end":{"line":311,"column":4}}},"8":{"name":"_isValidTokenPair","line":319,"loc":{"start":{"line":319,"column":4},"end":{"line":321,"column":4}}},"9":{"name":"_sqrt","line":328,"loc":{"start":{"line":328,"column":4},"end":{"line":339,"column":4}}},"10":{"name":"getReserves","line":346,"loc":{"start":{"line":346,"column":4},"end":{"line":349,"column":4}}},"11":{"name":"getSupportedTokens","line":356,"loc":{"start":{"line":356,"column":4},"end":{"line":359,"column":4}}},"12":{"name":"getLiquidityShares","line":366,"loc":{"start":{"line":366,"column":4},"end":{"line":368,"column":4}}},"13":{"name":"getTotalLiquidity","line":374,"loc":{"start":{"line":374,"column":4},"end":{"line":376,"column":4}}}},"statementMap":{"1":{"start":{"line":81,"column":8},"end":{"line":81,"column":80}},"2":{"start":{"line":82,"column":8},"end":{"line":82,"column":49}},"3":{"start":{"line":88,"column":8},"end":{"line":88,"column":46}},"4":{"start":{"line":96,"column":8},"end":{"line":96,"column":54}},"5":{"start":{"line":124,"column":8},"end":{"line":124,"column":67}},"6":{"start":{"line":125,"column":8},"end":{"line":125,"column":53}},"7":{"start":{"line":129,"column":12},"end":{"line":129,"column":40}},"8":{"start":{"line":130,"column":12},"end":{"line":130,"column":40}},"9":{"start":{"line":132,"column":12},"end":{"line":132,"column":4730}},"10":{"start":{"line":136,"column":16},"end":{"line":136,"column":81}},"11":{"start":{"line":137,"column":16},"end":{"line":137,"column":4983}},"12":{"start":{"line":138,"column":20},"end":{"line":138,"column":74}},"13":{"start":{"line":142,"column":20},"end":{"line":142,"column":85}},"14":{"start":{"line":143,"column":20},"end":{"line":143,"column":110}},"15":{"start":{"line":151,"column":8},"end":{"line":151,"column":99}},"16":{"start":{"line":152,"column":8},"end":{"line":152,"column":99}},"17":{"start":{"line":156,"column":12},"end":{"line":156,"column":48}},"18":{"start":{"line":157,"column":12},"end":{"line":157,"column":5913}},"19":{"start":{"line":160,"column":16},"end":{"line":160,"column":72}},"20":{"start":{"line":161,"column":16},"end":{"line":161,"column":72}},"21":{"start":{"line":164,"column":12},"end":{"line":164,"column":59}},"22":{"start":{"line":165,"column":12},"end":{"line":165,"column":31}},"23":{"start":{"line":172,"column":8},"end":{"line":172,"column":60}},"24":{"start":{"line":196,"column":8},"end":{"line":196,"column":67}},"25":{"start":{"line":197,"column":8},"end":{"line":197,"column":53}},"26":{"start":{"line":198,"column":8},"end":{"line":198,"column":47}},"27":{"start":{"line":199,"column":8},"end":{"line":199,"column":74}},"28":{"start":{"line":203,"column":12},"end":{"line":203,"column":40}},"29":{"start":{"line":204,"column":12},"end":{"line":204,"column":40}},"30":{"start":{"line":205,"column":12},"end":{"line":205,"column":48}},"31":{"start":{"line":210,"column":12},"end":{"line":210,"column":59}},"32":{"start":{"line":211,"column":12},"end":{"line":211,"column":59}},"33":{"start":{"line":219,"column":8},"end":{"line":219,"column":35}},"34":{"start":{"line":222,"column":8},"end":{"line":222,"column":72}},"35":{"start":{"line":223,"column":8},"end":{"line":223,"column":72}},"36":{"start":{"line":225,"column":8},"end":{"line":225,"column":62}},"37":{"start":{"line":243,"column":8},"end":{"line":243,"column":48}},"38":{"start":{"line":244,"column":8},"end":{"line":244,"column":53}},"39":{"start":{"line":245,"column":8},"end":{"line":245,"column":67}},"40":{"start":{"line":248,"column":8},"end":{"line":248,"column":25}},"41":{"start":{"line":251,"column":12},"end":{"line":251,"column":40}},"42":{"start":{"line":252,"column":12},"end":{"line":252,"column":40}},"43":{"start":{"line":254,"column":12},"end":{"line":254,"column":73}},"44":{"start":{"line":255,"column":12},"end":{"line":255,"column":74}},"45":{"start":{"line":258,"column":12},"end":{"line":258,"column":68}},"46":{"start":{"line":262,"column":8},"end":{"line":262,"column":104}},"47":{"start":{"line":263,"column":8},"end":{"line":263,"column":79}},"48":{"start":{"line":266,"column":8},"end":{"line":266,"column":10390}},"49":{"start":{"line":274,"column":8},"end":{"line":274,"column":77}},"50":{"start":{"line":284,"column":8},"end":{"line":284,"column":67}},"51":{"start":{"line":286,"column":8},"end":{"line":286,"column":36}},"52":{"start":{"line":287,"column":8},"end":{"line":287,"column":36}},"53":{"start":{"line":288,"column":8},"end":{"line":288,"column":71}},"54":{"start":{"line":290,"column":8},"end":{"line":290,"column":11256}},"55":{"start":{"line":306,"column":8},"end":{"line":306,"column":50}},"56":{"start":{"line":307,"column":8},"end":{"line":307,"column":72}},"57":{"start":{"line":310,"column":8},"end":{"line":310,"column":63}},"58":{"start":{"line":320,"column":8},"end":{"line":320,"column":99}},"59":{"start":{"line":329,"column":8},"end":{"line":329,"column":12856}},"60":{"start":{"line":331,"column":12},"end":{"line":331,"column":33}},"61":{"start":{"line":332,"column":12},"end":{"line":332,"column":12942}},"62":{"start":{"line":336,"column":15},"end":{"line":336,"column":13047}},"63":{"start":{"line":367,"column":8},"end":{"line":367,"column":30}},"64":{"start":{"line":375,"column":8},"end":{"line":375,"column":28}}},"branchMap":{"1":{"line":81,"type":"if","locations":[{"start":{"line":81,"column":8},"end":{"line":81,"column":8}},{"start":{"line":81,"column":8},"end":{"line":81,"column":8}}]},"2":{"line":82,"type":"if","locations":[{"start":{"line":82,"column":8},"end":{"line":82,"column":8}},{"start":{"line":82,"column":8},"end":{"line":82,"column":8}}]},"3":{"line":96,"type":"if","locations":[{"start":{"line":96,"column":8},"end":{"line":96,"column":8}},{"start":{"line":96,"column":8},"end":{"line":96,"column":8}}]},"4":{"line":123,"type":"if","locations":[{"start":{"line":123,"column":15},"end":{"line":123,"column":15}},{"start":{"line":123,"column":15},"end":{"line":123,"column":15}}]},"5":{"line":124,"type":"if","locations":[{"start":{"line":124,"column":8},"end":{"line":124,"column":8}},{"start":{"line":124,"column":8},"end":{"line":124,"column":8}}]},"6":{"line":125,"type":"if","locations":[{"start":{"line":125,"column":8},"end":{"line":125,"column":8}},{"start":{"line":125,"column":8},"end":{"line":125,"column":8}}]},"7":{"line":132,"type":"if","locations":[{"start":{"line":132,"column":12},"end":{"line":132,"column":12}},{"start":{"line":132,"column":12},"end":{"line":132,"column":12}}]},"8":{"line":137,"type":"if","locations":[{"start":{"line":137,"column":16},"end":{"line":137,"column":16}},{"start":{"line":137,"column":16},"end":{"line":137,"column":16}}]},"9":{"line":138,"type":"if","locations":[{"start":{"line":138,"column":20},"end":{"line":138,"column":20}},{"start":{"line":138,"column":20},"end":{"line":138,"column":20}}]},"10":{"line":143,"type":"if","locations":[{"start":{"line":143,"column":20},"end":{"line":143,"column":20}},{"start":{"line":143,"column":20},"end":{"line":143,"column":20}}]},"11":{"line":151,"type":"if","locations":[{"start":{"line":151,"column":8},"end":{"line":151,"column":8}},{"start":{"line":151,"column":8},"end":{"line":151,"column":8}}]},"12":{"line":152,"type":"if","locations":[{"start":{"line":152,"column":8},"end":{"line":152,"column":8}},{"start":{"line":152,"column":8},"end":{"line":152,"column":8}}]},"13":{"line":157,"type":"if","locations":[{"start":{"line":157,"column":12},"end":{"line":157,"column":12}},{"start":{"line":157,"column":12},"end":{"line":157,"column":12}}]},"14":{"line":162,"type":"if","locations":[{"start":{"line":162,"column":54},"end":{"line":162,"column":63}},{"start":{"line":162,"column":67},"end":{"line":162,"column":76}}]},"15":{"line":164,"type":"if","locations":[{"start":{"line":164,"column":12},"end":{"line":164,"column":12}},{"start":{"line":164,"column":12},"end":{"line":164,"column":12}}]},"16":{"line":195,"type":"if","locations":[{"start":{"line":195,"column":15},"end":{"line":195,"column":15}},{"start":{"line":195,"column":15},"end":{"line":195,"column":15}}]},"17":{"line":196,"type":"if","locations":[{"start":{"line":196,"column":8},"end":{"line":196,"column":8}},{"start":{"line":196,"column":8},"end":{"line":196,"column":8}}]},"18":{"line":197,"type":"if","locations":[{"start":{"line":197,"column":8},"end":{"line":197,"column":8}},{"start":{"line":197,"column":8},"end":{"line":197,"column":8}}]},"19":{"line":198,"type":"if","locations":[{"start":{"line":198,"column":8},"end":{"line":198,"column":8}},{"start":{"line":198,"column":8},"end":{"line":198,"column":8}}]},"20":{"line":199,"type":"if","locations":[{"start":{"line":199,"column":8},"end":{"line":199,"column":8}},{"start":{"line":199,"column":8},"end":{"line":199,"column":8}}]},"21":{"line":210,"type":"if","locations":[{"start":{"line":210,"column":12},"end":{"line":210,"column":12}},{"start":{"line":210,"column":12},"end":{"line":210,"column":12}}]},"22":{"line":211,"type":"if","locations":[{"start":{"line":211,"column":12},"end":{"line":211,"column":12}},{"start":{"line":211,"column":12},"end":{"line":211,"column":12}}]},"23":{"line":222,"type":"if","locations":[{"start":{"line":222,"column":8},"end":{"line":222,"column":8}},{"start":{"line":222,"column":8},"end":{"line":222,"column":8}}]},"24":{"line":223,"type":"if","locations":[{"start":{"line":223,"column":8},"end":{"line":223,"column":8}},{"start":{"line":223,"column":8},"end":{"line":223,"column":8}}]},"25":{"line":242,"type":"if","locations":[{"start":{"line":242,"column":15},"end":{"line":242,"column":15}},{"start":{"line":242,"column":15},"end":{"line":242,"column":15}}]},"26":{"line":243,"type":"if","locations":[{"start":{"line":243,"column":8},"end":{"line":243,"column":8}},{"start":{"line":243,"column":8},"end":{"line":243,"column":8}}]},"27":{"line":244,"type":"if","locations":[{"start":{"line":244,"column":8},"end":{"line":244,"column":8}},{"start":{"line":244,"column":8},"end":{"line":244,"column":8}}]},"28":{"line":245,"type":"if","locations":[{"start":{"line":245,"column":8},"end":{"line":245,"column":8}},{"start":{"line":245,"column":8},"end":{"line":245,"column":8}}]},"29":{"line":254,"type":"if","locations":[{"start":{"line":254,"column":52},"end":{"line":254,"column":60}},{"start":{"line":254,"column":64},"end":{"line":254,"column":72}}]},"30":{"line":255,"type":"if","locations":[{"start":{"line":255,"column":53},"end":{"line":255,"column":61}},{"start":{"line":255,"column":65},"end":{"line":255,"column":73}}]},"31":{"line":258,"type":"if","locations":[{"start":{"line":258,"column":12},"end":{"line":258,"column":12}},{"start":{"line":258,"column":12},"end":{"line":258,"column":12}}]},"32":{"line":262,"type":"if","locations":[{"start":{"line":262,"column":8},"end":{"line":262,"column":8}},{"start":{"line":262,"column":8},"end":{"line":262,"column":8}}]},"33":{"line":263,"type":"if","locations":[{"start":{"line":263,"column":8},"end":{"line":263,"column":8}},{"start":{"line":263,"column":8},"end":{"line":263,"column":8}}]},"34":{"line":266,"type":"if","locations":[{"start":{"line":266,"column":8},"end":{"line":266,"column":8}},{"start":{"line":266,"column":8},"end":{"line":266,"column":8}}]},"35":{"line":284,"type":"if","locations":[{"start":{"line":284,"column":8},"end":{"line":284,"column":8}},{"start":{"line":284,"column":8},"end":{"line":284,"column":8}}]},"36":{"line":288,"type":"if","locations":[{"start":{"line":288,"column":8},"end":{"line":288,"column":8}},{"start":{"line":288,"column":8},"end":{"line":288,"column":8}}]},"37":{"line":290,"type":"if","locations":[{"start":{"line":290,"column":8},"end":{"line":290,"column":8}},{"start":{"line":290,"column":8},"end":{"line":290,"column":8}}]},"38":{"line":306,"type":"if","locations":[{"start":{"line":306,"column":8},"end":{"line":306,"column":8}},{"start":{"line":306,"column":8},"end":{"line":306,"column":8}}]},"39":{"line":307,"type":"if","locations":[{"start":{"line":307,"column":8},"end":{"line":307,"column":8}},{"start":{"line":307,"column":8},"end":{"line":307,"column":8}}]},"40":{"line":320,"type":"cond-expr","locations":[{"start":{"line":320,"column":15},"end":{"line":320,"column":54}},{"start":{"line":320,"column":59},"end":{"line":320,"column":98}}]},"41":{"line":329,"type":"if","locations":[{"start":{"line":329,"column":8},"end":{"line":329,"column":8}},{"start":{"line":329,"column":8},"end":{"line":329,"column":8}}]},"42":{"line":336,"type":"if","locations":[{"start":{"line":336,"column":15},"end":{"line":336,"column":15}},{"start":{"line":336,"column":15},"end":{"line":336,"column":15}}]}}}}