{"contracts/MockERC20.sol":{"l":{"15":44,"16":44,"20":0,"24":0},"path":"/home/fullstack/etherkipu/frontsimple/frontendSimpleSwap/contracts/MockERC20.sol","s":{"1":44,"2":0,"3":0},"b":{},"f":{"1":44,"2":0,"3":0},"fnMap":{"1":{"name":"constructor","line":14,"loc":{"start":{"line":9,"column":4},"end":{"line":17,"column":4}}},"2":{"name":"decimals","line":19,"loc":{"start":{"line":19,"column":4},"end":{"line":21,"column":4}}},"3":{"name":"mint","line":23,"loc":{"start":{"line":23,"column":4},"end":{"line":25,"column":4}}}},"statementMap":{"1":{"start":{"line":16,"column":8},"end":{"line":16,"column":39}},"2":{"start":{"line":20,"column":8},"end":{"line":20,"column":24}},"3":{"start":{"line":24,"column":8},"end":{"line":24,"column":24}}},"branchMap":{}},"contracts/SimpleSwap.sol":{"l":{"81":22,"82":22,"84":22,"85":22,"88":22,"96":19,"97":17,"124":10,"125":9,"128":8,"129":8,"130":8,"132":8,"133":8,"134":8,"136":0,"137":0,"138":0,"139":0,"140":0,"142":0,"143":0,"144":0,"145":0,"151":8,"152":8,"155":8,"156":8,"157":8,"158":8,"160":0,"161":0,"162":0,"164":8,"165":8,"169":8,"170":8,"172":8,"196":3,"197":3,"198":3,"199":2,"202":1,"203":1,"204":1,"205":1,"207":1,"208":1,"210":1,"211":1,"214":1,"215":1,"219":1,"222":1,"223":1,"225":1,"243":4,"244":3,"245":2,"248":2,"249":2,"251":2,"252":2,"254":2,"255":2,"257":2,"258":2,"262":1,"263":1,"266":1,"267":1,"268":1,"270":0,"271":0,"274":1,"284":2,"286":2,"287":2,"288":2,"290":1,"291":1,"293":0,"306":3,"307":3,"310":3,"320":17,"329":8,"330":8,"331":8,"332":8,"333":582,"334":582,"337":0,"347":2,"348":2,"357":1,"358":1,"367":1,"375":1},"path":"/home/fullstack/etherkipu/frontsimple/frontendSimpleSwap/contracts/SimpleSwap.sol","s":{"1":22,"2":22,"3":22,"4":19,"5":10,"6":9,"7":8,"8":8,"9":8,"10":0,"11":0,"12":0,"13":0,"14":0,"15":8,"16":8,"17":8,"18":8,"19":0,"20":0,"21":8,"22":8,"23":8,"24":3,"25":3,"26":3,"27":2,"28":1,"29":1,"30":1,"31":1,"32":1,"33":1,"34":1,"35":1,"36":1,"37":4,"38":3,"39":2,"40":2,"41":2,"42":2,"43":2,"44":2,"45":2,"46":1,"47":1,"48":1,"49":1,"50":2,"51":2,"52":2,"53":2,"54":1,"55":3,"56":3,"57":3,"58":17,"59":8,"60":8,"61":8,"62":0,"63":1,"64":1},"b":{"1":[22,0],"2":[22,0],"3":[17,2],"4":[10,1],"5":[9,1],"6":[8,1],"7":[8,0],"8":[0,0],"9":[0,0],"10":[0,0],"11":[8,0],"12":[8,0],"13":[8,0],"14":[0,0],"15":[8,0],"16":[3,1],"17":[3,0],"18":[3,0],"19":[2,1],"20":[1,1],"21":[1,0],"22":[1,0],"23":[1,0],"24":[1,0],"25":[4,0],"26":[3,1],"27":[2,1],"28":[2,0],"29":[2,0],"30":[0,2],"31":[1,1],"32":[1,0],"33":[1,0],"34":[1,0],"35":[2,0],"36":[1,1],"37":[1,0],"38":[3,0],"39":[3,0],"40":[16,0],"41":[8,0],"42":[0,0]},"f":{"1":22,"2":19,"3":10,"4":3,"5":4,"6":2,"7":3,"8":17,"9":8,"10":2,"11":1,"12":1,"13":1},"fnMap":{"1":{"name":"constructor","line":79,"loc":{"start":{"line":78,"column":4},"end":{"line":89,"column":4}}},"2":{"name":"ensure","line":95,"loc":{"start":{"line":95,"column":4},"end":{"line":98,"column":4}}},"3":{"name":"addLiquidity","line":123,"loc":{"start":{"line":114,"column":4},"end":{"line":173,"column":4}}},"4":{"name":"removeLiquidity","line":195,"loc":{"start":{"line":187,"column":4},"end":{"line":226,"column":4}}},"5":{"name":"swapExactTokensForTokens","line":242,"loc":{"start":{"line":236,"column":4},"end":{"line":275,"column":4}}},"6":{"name":"getPrice","line":283,"loc":{"start":{"line":283,"column":4},"end":{"line":295,"column":4}}},"7":{"name":"getAmountOut","line":304,"loc":{"start":{"line":304,"column":4},"end":{"line":311,"column":4}}},"8":{"name":"_isValidTokenPair","line":319,"loc":{"start":{"line":319,"column":4},"end":{"line":321,"column":4}}},"9":{"name":"_sqrt","line":328,"loc":{"start":{"line":328,"column":4},"end":{"line":339,"column":4}}},"10":{"name":"getReserves","line":346,"loc":{"start":{"line":346,"column":4},"end":{"line":349,"column":4}}},"11":{"name":"getSupportedTokens","line":356,"loc":{"start":{"line":356,"column":4},"end":{"line":359,"column":4}}},"12":{"name":"getLiquidityShares","line":366,"loc":{"start":{"line":366,"column":4},"end":{"line":368,"column":4}}},"13":{"name":"getTotalLiquidity","line":374,"loc":{"start":{"line":374,"column":4},"end":{"line":376,"column":4}}}},"statementMap":{"1":{"start":{"line":81,"column":8},"end":{"line":81,"column":80}},"2":{"start":{"line":82,"column":8},"end":{"line":82,"column":49}},"3":{"start":{"line":88,"column":8},"end":{"line":88,"column":46}},"4":{"start":{"line":96,"column":8},"end":{"line":96,"column":54}},"5":{"start":{"line":124,"column":8},"end":{"line":124,"column":67}},"6":{"start":{"line":125,"column":8},"end":{"line":125,"column":53}},"7":{"start":{"line":129,"column":12},"end":{"line":129,"column":40}},"8":{"start":{"line":130,"column":12},"end":{"line":130,"column":40}},"9":{"start":{"line":132,"column":12},"end":{"line":132,"column":4601}},"10":{"start":{"line":136,"column":16},"end":{"line":136,"column":81}},"11":{"start":{"line":137,"column":16},"end":{"line":137,"column":4854}},"12":{"start":{"line":138,"column":20},"end":{"line":138,"column":74}},"13":{"start":{"line":142,"column":20},"end":{"line":142,"column":85}},"14":{"start":{"line":143,"column":20},"end":{"line":143,"column":110}},"15":{"start":{"line":151,"column":8},"end":{"line":151,"column":99}},"16":{"start":{"line":152,"column":8},"end":{"line":152,"column":99}},"17":{"start":{"line":156,"column":12},"end":{"line":156,"column":48}},"18":{"start":{"line":157,"column":12},"end":{"line":157,"column":5783}},"19":{"start":{"line":160,"column":16},"end":{"line":160,"column":72}},"20":{"start":{"line":161,"column":16},"end":{"line":161,"column":72}},"21":{"start":{"line":164,"column":12},"end":{"line":164,"column":59}},"22":{"start":{"line":165,"column":12},"end":{"line":165,"column":31}},"23":{"start":{"line":172,"column":8},"end":{"line":172,"column":60}},"24":{"start":{"line":196,"column":8},"end":{"line":196,"column":67}},"25":{"start":{"line":197,"column":8},"end":{"line":197,"column":53}},"26":{"start":{"line":198,"column":8},"end":{"line":198,"column":47}},"27":{"start":{"line":199,"column":8},"end":{"line":199,"column":74}},"28":{"start":{"line":203,"column":12},"end":{"line":203,"column":40}},"29":{"start":{"line":204,"column":12},"end":{"line":204,"column":40}},"30":{"start":{"line":205,"column":12},"end":{"line":205,"column":48}},"31":{"start":{"line":210,"column":12},"end":{"line":210,"column":59}},"32":{"start":{"line":211,"column":12},"end":{"line":211,"column":59}},"33":{"start":{"line":219,"column":8},"end":{"line":219,"column":35}},"34":{"start":{"line":222,"column":8},"end":{"line":222,"column":72}},"35":{"start":{"line":223,"column":8},"end":{"line":223,"column":72}},"36":{"start":{"line":225,"column":8},"end":{"line":225,"column":62}},"37":{"start":{"line":243,"column":8},"end":{"line":243,"column":48}},"38":{"start":{"line":244,"column":8},"end":{"line":244,"column":53}},"39":{"start":{"line":245,"column":8},"end":{"line":245,"column":67}},"40":{"start":{"line":248,"column":8},"end":{"line":248,"column":25}},"41":{"start":{"line":251,"column":12},"end":{"line":251,"column":40}},"42":{"start":{"line":252,"column":12},"end":{"line":252,"column":40}},"43":{"start":{"line":254,"column":12},"end":{"line":254,"column":73}},"44":{"start":{"line":255,"column":12},"end":{"line":255,"column":74}},"45":{"start":{"line":258,"column":12},"end":{"line":258,"column":68}},"46":{"start":{"line":262,"column":8},"end":{"line":262,"column":104}},"47":{"start":{"line":263,"column":8},"end":{"line":263,"column":79}},"48":{"start":{"line":266,"column":8},"end":{"line":266,"column":10163}},"49":{"start":{"line":274,"column":8},"end":{"line":274,"column":77}},"50":{"start":{"line":284,"column":8},"end":{"line":284,"column":67}},"51":{"start":{"line":286,"column":8},"end":{"line":286,"column":36}},"52":{"start":{"line":287,"column":8},"end":{"line":287,"column":36}},"53":{"start":{"line":288,"column":8},"end":{"line":288,"column":71}},"54":{"start":{"line":290,"column":8},"end":{"line":290,"column":11023}},"55":{"start":{"line":306,"column":8},"end":{"line":306,"column":50}},"56":{"start":{"line":307,"column":8},"end":{"line":307,"column":72}},"57":{"start":{"line":310,"column":8},"end":{"line":310,"column":63}},"58":{"start":{"line":320,"column":8},"end":{"line":320,"column":99}},"59":{"start":{"line":329,"column":8},"end":{"line":329,"column":12574}},"60":{"start":{"line":331,"column":12},"end":{"line":331,"column":33}},"61":{"start":{"line":332,"column":12},"end":{"line":332,"column":12660}},"62":{"start":{"line":336,"column":15},"end":{"line":336,"column":12765}},"63":{"start":{"line":367,"column":8},"end":{"line":367,"column":30}},"64":{"start":{"line":375,"column":8},"end":{"line":375,"column":28}}},"branchMap":{"1":{"line":81,"type":"if","locations":[{"start":{"line":81,"column":8},"end":{"line":81,"column":8}},{"start":{"line":81,"column":8},"end":{"line":81,"column":8}}]},"2":{"line":82,"type":"if","locations":[{"start":{"line":82,"column":8},"end":{"line":82,"column":8}},{"start":{"line":82,"column":8},"end":{"line":82,"column":8}}]},"3":{"line":96,"type":"if","locations":[{"start":{"line":96,"column":8},"end":{"line":96,"column":8}},{"start":{"line":96,"column":8},"end":{"line":96,"column":8}}]},"4":{"line":123,"type":"if","locations":[{"start":{"line":123,"column":15},"end":{"line":123,"column":15}},{"start":{"line":123,"column":15},"end":{"line":123,"column":15}}]},"5":{"line":124,"type":"if","locations":[{"start":{"line":124,"column":8},"end":{"line":124,"column":8}},{"start":{"line":124,"column":8},"end":{"line":124,"column":8}}]},"6":{"line":125,"type":"if","locations":[{"start":{"line":125,"column":8},"end":{"line":125,"column":8}},{"start":{"line":125,"column":8},"end":{"line":125,"column":8}}]},"7":{"line":132,"type":"if","locations":[{"start":{"line":132,"column":12},"end":{"line":132,"column":12}},{"start":{"line":132,"column":12},"end":{"line":132,"column":12}}]},"8":{"line":137,"type":"if","locations":[{"start":{"line":137,"column":16},"end":{"line":137,"column":16}},{"start":{"line":137,"column":16},"end":{"line":137,"column":16}}]},"9":{"line":138,"type":"if","locations":[{"start":{"line":138,"column":20},"end":{"line":138,"column":20}},{"start":{"line":138,"column":20},"end":{"line":138,"column":20}}]},"10":{"line":143,"type":"if","locations":[{"start":{"line":143,"column":20},"end":{"line":143,"column":20}},{"start":{"line":143,"column":20},"end":{"line":143,"column":20}}]},"11":{"line":151,"type":"if","locations":[{"start":{"line":151,"column":8},"end":{"line":151,"column":8}},{"start":{"line":151,"column":8},"end":{"line":151,"column":8}}]},"12":{"line":152,"type":"if","locations":[{"start":{"line":152,"column":8},"end":{"line":152,"column":8}},{"start":{"line":152,"column":8},"end":{"line":152,"column":8}}]},"13":{"line":157,"type":"if","locations":[{"start":{"line":157,"column":12},"end":{"line":157,"column":12}},{"start":{"line":157,"column":12},"end":{"line":157,"column":12}}]},"14":{"line":162,"type":"if","locations":[{"start":{"line":162,"column":54},"end":{"line":162,"column":63}},{"start":{"line":162,"column":67},"end":{"line":162,"column":76}}]},"15":{"line":164,"type":"if","locations":[{"start":{"line":164,"column":12},"end":{"line":164,"column":12}},{"start":{"line":164,"column":12},"end":{"line":164,"column":12}}]},"16":{"line":195,"type":"if","locations":[{"start":{"line":195,"column":15},"end":{"line":195,"column":15}},{"start":{"line":195,"column":15},"end":{"line":195,"column":15}}]},"17":{"line":196,"type":"if","locations":[{"start":{"line":196,"column":8},"end":{"line":196,"column":8}},{"start":{"line":196,"column":8},"end":{"line":196,"column":8}}]},"18":{"line":197,"type":"if","locations":[{"start":{"line":197,"column":8},"end":{"line":197,"column":8}},{"start":{"line":197,"column":8},"end":{"line":197,"column":8}}]},"19":{"line":198,"type":"if","locations":[{"start":{"line":198,"column":8},"end":{"line":198,"column":8}},{"start":{"line":198,"column":8},"end":{"line":198,"column":8}}]},"20":{"line":199,"type":"if","locations":[{"start":{"line":199,"column":8},"end":{"line":199,"column":8}},{"start":{"line":199,"column":8},"end":{"line":199,"column":8}}]},"21":{"line":210,"type":"if","locations":[{"start":{"line":210,"column":12},"end":{"line":210,"column":12}},{"start":{"line":210,"column":12},"end":{"line":210,"column":12}}]},"22":{"line":211,"type":"if","locations":[{"start":{"line":211,"column":12},"end":{"line":211,"column":12}},{"start":{"line":211,"column":12},"end":{"line":211,"column":12}}]},"23":{"line":222,"type":"if","locations":[{"start":{"line":222,"column":8},"end":{"line":222,"column":8}},{"start":{"line":222,"column":8},"end":{"line":222,"column":8}}]},"24":{"line":223,"type":"if","locations":[{"start":{"line":223,"column":8},"end":{"line":223,"column":8}},{"start":{"line":223,"column":8},"end":{"line":223,"column":8}}]},"25":{"line":242,"type":"if","locations":[{"start":{"line":242,"column":15},"end":{"line":242,"column":15}},{"start":{"line":242,"column":15},"end":{"line":242,"column":15}}]},"26":{"line":243,"type":"if","locations":[{"start":{"line":243,"column":8},"end":{"line":243,"column":8}},{"start":{"line":243,"column":8},"end":{"line":243,"column":8}}]},"27":{"line":244,"type":"if","locations":[{"start":{"line":244,"column":8},"end":{"line":244,"column":8}},{"start":{"line":244,"column":8},"end":{"line":244,"column":8}}]},"28":{"line":245,"type":"if","locations":[{"start":{"line":245,"column":8},"end":{"line":245,"column":8}},{"start":{"line":245,"column":8},"end":{"line":245,"column":8}}]},"29":{"line":254,"type":"if","locations":[{"start":{"line":254,"column":52},"end":{"line":254,"column":60}},{"start":{"line":254,"column":64},"end":{"line":254,"column":72}}]},"30":{"line":255,"type":"if","locations":[{"start":{"line":255,"column":53},"end":{"line":255,"column":61}},{"start":{"line":255,"column":65},"end":{"line":255,"column":73}}]},"31":{"line":258,"type":"if","locations":[{"start":{"line":258,"column":12},"end":{"line":258,"column":12}},{"start":{"line":258,"column":12},"end":{"line":258,"column":12}}]},"32":{"line":262,"type":"if","locations":[{"start":{"line":262,"column":8},"end":{"line":262,"column":8}},{"start":{"line":262,"column":8},"end":{"line":262,"column":8}}]},"33":{"line":263,"type":"if","locations":[{"start":{"line":263,"column":8},"end":{"line":263,"column":8}},{"start":{"line":263,"column":8},"end":{"line":263,"column":8}}]},"34":{"line":266,"type":"if","locations":[{"start":{"line":266,"column":8},"end":{"line":266,"column":8}},{"start":{"line":266,"column":8},"end":{"line":266,"column":8}}]},"35":{"line":284,"type":"if","locations":[{"start":{"line":284,"column":8},"end":{"line":284,"column":8}},{"start":{"line":284,"column":8},"end":{"line":284,"column":8}}]},"36":{"line":288,"type":"if","locations":[{"start":{"line":288,"column":8},"end":{"line":288,"column":8}},{"start":{"line":288,"column":8},"end":{"line":288,"column":8}}]},"37":{"line":290,"type":"if","locations":[{"start":{"line":290,"column":8},"end":{"line":290,"column":8}},{"start":{"line":290,"column":8},"end":{"line":290,"column":8}}]},"38":{"line":306,"type":"if","locations":[{"start":{"line":306,"column":8},"end":{"line":306,"column":8}},{"start":{"line":306,"column":8},"end":{"line":306,"column":8}}]},"39":{"line":307,"type":"if","locations":[{"start":{"line":307,"column":8},"end":{"line":307,"column":8}},{"start":{"line":307,"column":8},"end":{"line":307,"column":8}}]},"40":{"line":320,"type":"cond-expr","locations":[{"start":{"line":320,"column":15},"end":{"line":320,"column":54}},{"start":{"line":320,"column":59},"end":{"line":320,"column":98}}]},"41":{"line":329,"type":"if","locations":[{"start":{"line":329,"column":8},"end":{"line":329,"column":8}},{"start":{"line":329,"column":8},"end":{"line":329,"column":8}}]},"42":{"line":336,"type":"if","locations":[{"start":{"line":336,"column":15},"end":{"line":336,"column":15}},{"start":{"line":336,"column":15},"end":{"line":336,"column":15}}]}}}}